<?xml version="1.0" encoding="UTF-8"?>
<testng-results ignored="0" total="1" passed="1" failed="0" skipped="0">
  <reporter-output>
    <line>
      <![CDATA[TY_PROJ_607]]>
    </line>
  </reporter-output>
  <suite started-at="2022-07-08T22:04:01 IST" name="Default suite" finished-at="2022-07-08T22:04:10 IST" duration-ms="9153">
    <groups>
    </groups>
    <test started-at="2022-07-08T22:04:01 IST" name="Default test" finished-at="2022-07-08T22:04:10 IST" duration-ms="9153">
      <class name="RequestChaining.CreateProjectAndGet">
        <test-method signature="createProject()[pri:0, instance:RequestChaining.CreateProjectAndGet@a2431d0]" started-at="2022-07-08T22:04:01 IST" name="createProject" finished-at="2022-07-08T22:04:10 IST" duration-ms="9008" status="PASS">
          <reporter-output>
            <line>
              <![CDATA[TY_PROJ_607]]>
            </line>
          </reporter-output>
        </test-method> <!-- createProject -->
      </class> <!-- RequestChaining.CreateProjectAndGet -->
    </test> <!-- Default test -->
  </suite> <!-- Default suite -->
</testng-results>
