<?xml version="1.0" encoding="UTF-8"?>
<testng-results ignored="0" total="1" passed="1" failed="0" skipped="0">
  <reporter-output>
  </reporter-output>
  <suite started-at="2022-07-11T12:43:38 IST" name="Default suite" finished-at="2022-07-11T12:43:49 IST" duration-ms="10974">
    <groups>
    </groups>
    <test started-at="2022-07-11T12:43:38 IST" name="Default test" finished-at="2022-07-11T12:43:49 IST" duration-ms="10974">
      <class name="Authentication.BearerToken">
        <test-method signature="bearerTokenTest()[pri:0, instance:Authentication.BearerToken@a2431d0]" started-at="2022-07-11T12:43:38 IST" name="bearerTokenTest" finished-at="2022-07-11T12:43:49 IST" duration-ms="10829" status="PASS">
          <reporter-output>
          </reporter-output>
        </test-method> <!-- bearerTokenTest -->
      </class> <!-- Authentication.BearerToken -->
    </test> <!-- Default test -->
  </suite> <!-- Default suite -->
</testng-results>
